----------------------------------------------------------------
Thu Mar 16 19:57:47 CDT 2023:
Booting Derby version The Apache Software Foundation - Apache Derby - 10.13.1.1 - (1765088): instance a816c00e-0186-ed12-a643-00001e1cb0f8 
on database directory E:\repos\WorkApp\commonParts with class loader jdk.internal.loader.ClassLoaders$AppClassLoader@b4c966a 
Loaded from file:/C:/Users/g/.m2/repository/org/apache/derby/derby/10.13.1.1/derby-10.13.1.1.jar
java.vendor=Oracle Corporation
java.runtime.version=18.0.2+9-61
user.dir=E:\repos\WorkApp
os.name=Windows 11
os.arch=amd64
os.version=10.0
derby.system.home=null
Database Class Loader started - derby.database.classpath=''
----------------------------------------------------------------
Thu Mar 16 19:57:50 CDT 2023:
Booting Derby version The Apache Software Foundation - Apache Derby - 10.13.1.1 - (1765088): instance a02ac013-0186-ed12-a643-00001e1cb0f8 
on database directory E:\repos\WorkApp\tsdb with class loader jdk.internal.loader.ClassLoaders$AppClassLoader@b4c966a 
Loaded from file:/C:/Users/g/.m2/repository/org/apache/derby/derby/10.13.1.1/derby-10.13.1.1.jar
java.vendor=Oracle Corporation
java.runtime.version=18.0.2+9-61
user.dir=E:\repos\WorkApp
os.name=Windows 11
os.arch=amd64
os.version=10.0
derby.system.home=null
Database Class Loader started - derby.database.classpath=''
